         w __deregister_frame_info
         w __register_frame_info
         w userAppExit
         w userAppInit
00000000 00000401 B __ctru_dev_path_buf
00000000 b _TLS_MODULE_BASE_
00000000 a shift
00000000 a shift
00000404 00000802 B __ctru_dev_utf16_buf
00100000 A __start__
00100000 T _start
00100008 T __service_ptr
0010000c T __apt_appid
00100010 T __heap_size
00100014 T __linear_heap_size
00100018 T __system_arglist
0010001c T __system_runflags
00100020 t startup
00100058 t ClearMem
0010006c t ClrLoop
00100094 T _init
001000ac t .udivsi3_skip_div0_test
001000ac T __aeabi_uidiv
001000ac 000001ec T __udivsi3
00100298 00000020 T __aeabi_uidivmod
001002b8 T __aeabi_idiv
001002b8 00000220 T __divsi3
001002c0 t .divsi3_skip_div0_test
001004d8 00000020 T __aeabi_idivmod
001004f8 00000004 W __aeabi_idiv0
001004f8 00000004 W __aeabi_ldiv0
001004fc T __aeabi_drsub
00100504 000002b0 T __aeabi_dsub
00100504 000002b0 T __subdf3
00100508 000002ac T __adddf3
00100508 000002ac T __aeabi_dadd
001007b4 00000024 T __aeabi_ui2d
001007b4 00000024 T __floatunsidf
001007d8 00000028 T __aeabi_i2d
001007d8 00000028 T __floatsidf
00100800 00000048 T __aeabi_f2d
00100800 00000048 T __extendsfdf2
00100848 00000074 T __aeabi_ul2d
00100848 00000074 T __floatundidf
0010085c 00000060 T __aeabi_l2d
0010085c 00000060 T __floatdidf
001008bc T __aeabi_ldivmod
00100990 T __aeabi_uldivmod
001009e8 00000390 T strcmp
00100d70 t __do_global_dtors_aux
00100db0 t frame_dummy
00100de0 0000068c T main
0010146c 00000034 t C2Di_FrameEndHook
001014a0 00000330 T C2D_Init
001017d0 00000044 T C2D_Fini
00101814 000000d0 T C2D_Prepare
001018e4 0000003c T C2D_Flush
00101920 00000108 T C2D_SceneSize
00101a28 00000058 T C2D_CreateScreenTarget
00101a80 00000058 T C2D_TargetClear
00101ad8 0000013c T C2Di_CalcQuad
00101c14 0000022c T C2Di_Update
00101e40 000002f8 T C2D_DrawImage
00102138 0000006c T C2D_SpriteSheetLoadFromHandle
001021a4 00000048 T C2D_SpriteSheetLoad
001021ec 00000028 T C2D_SpriteSheetFree
00102214 0000002c T C2D_SpriteSheetGetImage
00102240 00000004 W C3Di_LightEnvUpdate
00102244 00000004 W C3Di_LightEnvDirty
00102248 000000b4 t C3Di_AptEventHook
001022fc 00000004 W C3Di_GasUpdate
00102300 000001e0 T C3D_Init
001024e0 00000098 T C3D_SetViewport
00102578 000004ec T C3Di_UpdateContext
00102a64 000000e0 T C3Di_SplitFrame
00102b44 00000044 T C3D_Fini
00102b88 00000108 T C3D_BindProgram
00102c90 0000004c t onVBlank0
00102cdc 0000004c t onVBlank1
00102d28 00000080 t C3Di_RenderTargetDestroy
00102da8 000000f4 t onQueueFinish
00102e9c 00000038 T C3Di_RenderQueueEnableVBlank
00102ed4 00000030 T C3Di_RenderQueueDisableVBlank
00102f04 00000060 T C3Di_RenderQueueInit
00102f64 000000b0 T C3Di_RenderQueueExit
00103014 00000034 T C3Di_RenderQueueWaitDone
00103048 000000e4 T C3D_FrameBegin
0010312c 00000048 T C3D_FrameDrawOn
00103174 00000058 T C3D_FrameSplit
001031cc 000001d8 T C3D_FrameEnd
001033a4 0000001c T C3D_FrameEndHook
001033c0 00000128 T C3D_RenderTargetCreate
001034e8 000000a8 T C3D_RenderTargetSetOutput
00103590 000000fc T C3D_SyncTextureCopy
0010368c 000002a0 T C3D_TexInitWithParams
0010392c 000000c8 T C3D_TexLoadImage
001039f4 00000044 T C3D_TexBind
00103a38 00000074 T C3D_TexDelete
00103aac 0000016c T C3Di_SetTex
00103c18 000003f4 t Tex3DSi_ImportCommon
0010400c 00000038 T Tex3DS_TextureImportStdio
00104044 0000001c T Tex3DS_GetSubTexture
00104060 00000004 T Tex3DS_TextureFree
00104064 0000001c T C3D_CalcColorBufSize
00104080 0000001c T C3D_CalcDepthBufSize
0010409c 00000044 T C3D_SetFrameBuf
001040e0 0000016c T C3Di_FrameBufBind
0010424c 000000cc T C3D_FrameBufClear
00104318 00000044 T C3D_FrameBufTransfer
0010435c 00000034 T C3D_GetTexEnv
00104390 00000024 T C3Di_TexEnvBind
001043b4 00000070 T C3D_ProcTexInit
00104424 00000054 T C3D_ProcTexBind
00104478 0000005c T C3D_ProcTexLutBind
001044d4 000000a4 T ProcTexLut_FromArray
00104578 0000017c T C3Di_ProcTexUpdate
001046f4 00000068 T C3Di_ProcTexDirty
0010475c 00000024 T BufInfo_Init
00104780 00000080 T BufInfo_Add
00104800 00000040 T C3D_SetBufInfo
00104840 00000048 T C3Di_BufInfoBind
00104888 00000148 T C3D_DrawArrays
001049d0 00000040 T C3D_DepthMap
00104a10 0000001c T C3D_CullFace
00104a2c 00000040 T C3D_StencilTest
00104a6c 00000024 T C3D_StencilOp
00104a90 0000001c T C3D_BlendingColor
00104aac 00000024 T C3D_EarlyDepthTest
00104ad0 0000002c T C3D_DepthTest
00104afc 0000002c T C3D_AlphaTest
00104b28 00000050 T C3D_AlphaBlend
00104b78 00000030 T C3D_FragOpMode
00104ba8 00000044 T C3D_FragOpShadow
00104bec 000001ac T C3Di_EffectBind
00104d98 00000028 T AttrInfo_Init
00104dc0 00000098 T AttrInfo_AddLoader
00104e58 00000054 T C3D_SetAttrInfo
00104eac 00000080 T C3Di_AttrInfoBind
00104f2c 000000a8 T C3D_ImmSendAttrib
00104fd4 0000029c T C3D_UpdateUniforms
00105270 000000c0 T C3Di_DirtyUniforms
00105330 000000d8 T C3Di_LoadShaderUniforms
00105408 00000028 T C3Di_ClearShaderUniforms
00105430 000000cc T Mtx_Ortho
001054fc 000000cc T Mtx_OrthoTilt
001055c8 00000024 t addrMapNodeComparator(rbtree_node const*, rbtree_node const*)
001055ec 00000004 t addrMapNodeDestructor(rbtree_node*)
001055f0 00000114 T vramMemAlign
00105704 00000008 T vramAlloc
0010570c 0000005c T vramFree
00105768 00000024 t addrMapNodeComparator(rbtree_node const*, rbtree_node const*)
0010578c 00000004 t addrMapNodeDestructor(rbtree_node*)
00105790 00000120 T linearMemAlign
001058b0 00000008 T linearAlloc
001058b8 0000005c T linearFree
00105914 00000084 T MemPool::CoalesceRight(MemBlock*)
00105998 00000170 T MemPool::Allocate(MemChunk&, unsigned long, int)
00105b08 000000fc T MemPool::Deallocate(MemChunk const&)
00105c04 00000008 t romfs_close
00105c0c 000000c8 t romfs_seek
00105cd4 00000024 t romfs_dirreset
00105cf8 000000c8 t fill_dir
00105dc0 000002b0 t romfs_dirnext
00106070 00000084 t romfs_free
001060f4 000000d4 t searchForFile.constprop.0
001061c8 000000d8 t searchForDir.constprop.0
001062a0 000001c0 t navigateToDir.constprop.0
00106460 00000128 t romfs_open
00106588 0000004c t romfs_chdir
001065d4 00000070 t romfs_diropen
00106644 0000017c t romfs_stat
001067c0 00000008 t romfs_dirclose
001067c8 0000007c t romfs_fstat
00106844 000000d4 t romfs_read
00106918 00000290 T romfsMountFromFile
00106ba8 00000098 T romfsMountFromCurrentProcess
00106c40 0000025c T romfsMountSelf
00106e9c 000000ac T romfsUnmount
00106f48 00000074 T osConvertVirtToPhys
00106fbc 00000054 T osGetTimeRef
00107010 000000e4 T osGetTime
001070f4 00000074 T __libctru_gtod
00107168 00000034 T __ctru_speedup_config
0010719c 00000178 T consoleDrawChar
00107314 00000124 T consolePrintChar
00107438 00000a00 T con_write
00107e38 00000168 T consoleInit
00107fa0 000000f4 t newRow
00108094 000000d0 t gfxPresentFramebuffer
00108164 0000001c T gfxIsWide
00108180 000000ec T gfxSetScreenFormat
0010826c 00000010 T gfxSetDoubleBuffering
0010827c 00000108 T gfxInit
00108384 00000010 T gfxInitDefault
00108394 000000b4 T gfxExit
00108448 000000a0 T gfxGetFramebuffer
001084e8 0000010c T gfxFlushBuffers
001085f4 00000030 T gfxScreenSwapBuffers
00108624 00000050 T gfxSwapBuffersGpu
00108674 000001e0 T shaderInstanceInit
00108854 00000018 T shaderInstanceGetUniformLocation
0010886c 0000001c T shaderProgramInit
00108888 00000064 T shaderProgramFree
001088ec 00000080 T shaderProgramSetVsh
0010896c 000008c0 T shaderProgramConfigure
0010922c 000001f8 t DVLE_GenerateOutmap.part.0
00109424 000001cc T DVLB_ParseFile
001095f0 00000038 T DVLB_Free
00109628 00000074 T DVLE_GetUniformRegister
0010969c 00000010 T GX_BindQueue
001096ac 00000078 T GX_ProcessCommandList
00109724 00000074 T GX_MemoryFill
00109798 00000070 T GX_DisplayTransfer
00109808 00000074 T GX_TextureCopy
0010987c 00000068 t gxCmdQueueDoCommands.part.0
001098e4 000000c8 T gxCmdQueueInterrupt
001099ac 0000004c T gxCmdQueueClear
001099f8 000000f8 T gxCmdQueueAdd
00109af0 00000080 T gxCmdQueueRun
00109b70 00000060 T gxCmdQueueStop
00109bd0 00000074 T gxCmdQueueWait
00109c44 0000013c T GPUCMD_Add
00109d80 000000ac T GPUCMD_Split
00109e2c 00000040 T f32tof16
00109e6c 00000040 T f32tof24
00109eac 00000044 T f32tof31
00109ef0 00000c58 t gspHardwareInit
0010ab48 00000254 T gspInit
0010ad9c 000000f0 T gspExit
0010ae8c 00000010 T gspHasGpuRight
0010ae9c 00000098 T gspPresentBuffer
0010af34 00000030 T gspSetEventCallback
0010af64 00000050 T gspWaitForEvent
0010afb4 0000004c T gspWaitForAnyEvent
0010b000 00000160 t gspEventThreadMain
0010b160 00000130 T gspSubmitGxCommand
0010b290 00000050 T GSPGPU_FlushDataCache
0010b2e0 00000034 T GSPGPU_SetLcdForceBlack
0010b314 00000068 T GSPGPU_AcquireRight
0010b37c 00000048 T GSPGPU_ReleaseRight
0010b3c4 0000007c T GSPGPU_ImportDisplayCaptureInfo
0010b440 0000002c T GSPGPU_SaveVramSysArea
0010b46c 0000002c T GSPGPU_RestoreVramSysArea
0010b498 000001b0 t aptConvertScreenForCapture
0010b648 00000008 W aptDspSleep
0010b650 00000004 W aptDspWakeup
0010b654 00000004 W aptDspCancel
0010b658 0000015c T aptSendCommand
0010b7b4 00000038 t aptExitProcess
0010b7ec 000002f0 T aptExit
0010badc 000000d8 T aptHandleSleep
0010bbb4 00000030 T aptHook
0010bbe4 00000030 T aptUnhook
0010bc14 00000084 T APT_SleepIfShellClosed
0010bc98 00000084 T aptSetSleepAllowed
0010bd1c 00000084 T APT_UnlockTransition
0010bda0 00000484 t aptEventHandler
0010c224 000000b0 T APT_ReceiveParameter
0010c2d4 000000b0 t aptReceiveParameter.constprop.0
0010c388 000002bc t aptScreenTransfer
0010c644 000002d0 t aptWaitForWakeUp.isra.0
0010c914 000000f8 T aptJumpToHomeMenu
0010ca0c 0000004c T aptMainLoop
0010ca58 00000234 T aptInit
0010cc8c 0000007c T APT_CheckNew3DS
0010cd08 00000024 W hidShouldUseIrrst
0010cd2c 0000018c T hidInit
0010ceb8 000000e8 T hidExit
0010cfa0 00000294 T hidScanInput
0010d234 00000010 T hidKeysHeld
0010d244 00000010 T hidKeysDown
0010d254 00000074 T ptmSysmInit
0010d2c8 0000003c T ptmSysmExit
0010d304 00000034 T PTMSYSM_ConfigureNew3DSCPU
0010d338 000000c8 T fsInit
0010d400 0000003c T fsExit
0010d43c 00000060 T fsExemptFromSession
0010d49c 00000050 T fsUnexemptFromSession
0010d4ec 000000cc T FSUSER_OpenFile
0010d5b8 000000d4 T FSUSER_OpenFileDirectly
0010d68c 000000bc T FSUSER_DeleteFile
0010d748 000000f8 T FSUSER_RenameFile
0010d840 000000bc T FSUSER_DeleteDirectory
0010d8fc 000000d4 T FSUSER_CreateFile
0010d9d0 000000c4 T FSUSER_CreateDirectory
0010da94 000000f8 T FSUSER_RenameDirectory
0010db8c 000000b4 T FSUSER_OpenDirectory
0010dc40 00000094 T FSUSER_OpenArchive
0010dcd4 0000008c T FSUSER_CloseArchive
0010dd60 00000074 T FSUSER_GetSdmcArchiveResource
0010ddd4 00000064 T FSUSER_IsSdmcWritable
0010de38 00000058 T FSFILE_Read
0010de90 00000060 T FSFILE_Write
0010def0 00000038 T FSFILE_GetSize
0010df28 00000028 T FSFILE_SetSize
0010df50 0000003c T FSFILE_Close
0010df8c 00000024 T FSFILE_Flush
0010dfb0 00000050 T FSDIR_Read
0010e000 0000003c T FSDIR_Close
0010e03c 000000cc t buffer_read
0010e108 000000d0 t iov_read
0010e1d8 00000128 t iov_memmove
0010e300 000001d8 t decompress_rle
0010e4d8 00000258 t decompress_lzss
0010e730 000002ec t decompress_huff.part.0
0010ea1c 00000440 t decompress_lz11
0010ee5c 00000010 T decompressCallback_Stdio
0010ee6c 000000e4 T decompressHeader
0010ef50 00000250 T decompressV
0010f1a0 00000010 T rbtree_init
0010f1b0 000001a0 t do_insert
0010f350 00000008 T rbtree_insert
0010f358 00000090 T rbtree_rotate
0010f3e8 00000338 T rbtree_remove
0010f720 00000074 T rbtree_find
0010f794 000000e8 T utf16_to_utf8
0010f87c 00000064 T decode_utf16
0010f8e0 000000c0 T utf8_to_utf16
0010f9a0 000001e0 W __system_allocateHeaps
0010fb80 00000038 W __libctru_init
0010fbb8 000000f0 W __system_initArgv
0010fca8 T svcControlMemory
0010fcc8 T svcQueryMemory
0010fcf8 T svcExitProcess
0010fd00 T svcCreateThread
0010fd20 T svcExitThread
0010fd28 T svcSleepThread
0010fd30 T svcReleaseMutex
0010fd38 T svcCreateEvent
0010fd4c T svcSignalEvent
0010fd54 T svcClearEvent
0010fd5c T svcMapMemoryBlock
0010fd64 T svcUnmapMemoryBlock
0010fd6c T svcCreateAddressArbiter
0010fd80 T svcArbitrateAddressNoTimeout
0010fd88 T svcCloseHandle
0010fd90 T svcWaitSynchronization
0010fd98 T svcWaitSynchronizationN
0010fdc0 T svcDuplicateHandle
0010fdd4 T svcGetSystemTick
0010fddc T svcConnectToPort
0010fdf0 T svcSendSyncRequest
0010fdf8 T svcGetResourceLimit
0010fe0c T svcGetResourceLimitLimitValues
0010fe14 T svcGetResourceLimitCurrentValues
0010fe1c T svcBreak
0010fe24 W initSystem
0010fe74 W __ctru_exit
0010fe8c T __aeabi_read_tp
0010fe98 0000000c T __sync_init
0010fea4 00000018 T __sync_fini
0010febc 0000002c T syncArbitrateAddress
0010fee8 0000001c T LightLock_Init
0010ff04 00000094 T LightLock_Lock
0010ff98 00000044 T LightLock_TryLock
0010ffdc 00000040 T LightLock_Unlock
0011001c 00000024 T RecursiveLock_Init
00110040 00000030 T RecursiveLock_Lock
00110070 00000078 T RecursiveLock_TryLock
001100e8 00000054 T RecursiveLock_Unlock
0011013c 00000040 T LightEvent_Init
0011017c 000000a4 T LightEvent_Clear
00110220 000000c8 T LightEvent_Signal
001102e8 00000058 T LightEvent_TryWait
00110340 000000b0 T LightEvent_Wait
001103f0 00000084 W envGetHandle
00110474 00000050 W envDestroyHandles
001104c4 00000124 T srvInit
001105e8 00000058 T srvExit
00110640 00000080 T srvGetServiceHandleDirect
001106c0 00000048 T srvGetServiceHandle
00110708 00000038 T srvPublishToSubscriber
00110740 00000188 T threadCreate
001108c8 0000002c T threadFree
001108f4 00000024 T threadJoin
00110918 00000030 T threadGetCurrent
00110948 00000040 T threadExit
00110988 00000044 t _thread_begin
001109cc 00000094 t mappableFindAddressWithin
00110a60 00000028 T mappableInit
00110a88 00000080 T mappableAlloc
00110b08 00000004 T mappableFree
00110b0c 00000160 T irrstInit
00110c6c 000000cc T irrstExit
00110d38 000000b0 T irrstScanInput
00110de8 00000024 T irrstKeysHeld
00110e0c 0000000c T srvPmGetSessionHandle
00110e18 00000050 T rbtree_node_next
00110e68 00000060 T encode_utf16
00110ec8 000000fc T encode_utf8
00110fc4 0000013c T decode_utf8
00111100 00000030 W __appInit
00111130 00000030 t __libctru_nanosleep
00111160 00000030 t __libctru_get_reent
00111190 000000f8 T __system_initSyscalls
00111288 00000030 W __appExit
001112b8 00000090 W __libctru_exit
00111348 00000014 t archive_link
0011135c 00000014 t archive_dirreset
00111370 00000014 t archive_chmod
00111384 00000024 t error_cmp
001113a8 00000050 t archive_translate_error
001113f8 000000d4 t archive_seek
001114cc 0000007c t _archiveInit.part.0
00111548 0000008c t archiveFindDevice.part.0
001115d4 00000294 t archive_utf16path
00111868 000000a0 t _archiveUnmountDeviceStruct.part.0
00111908 00000014 t archive_fchmod
0011191c 00000014 t archive_statvfs
00111930 00000158 t _archiveMountDevice
00111a88 000000e8 t archive_diropen
00111b70 000000a4 t archive_fstat
00111c14 0000006c t archive_close
00111c80 0000006c t archive_fsync
00111cec 00000070 t archive_dirclose
00111d5c 000000e8 t sdmc_statvfs
00111e44 00000080 t archive_ftruncate
00111ec4 000000fc t archive_chdir
00111fc0 000000b0 t archive_read
00112070 000000ac t archive_unlink
0011211c 000000c8 t archive_rmdir
001121e4 000000ec t archive_mkdir
001122d0 000001a8 t archive_stat
00112478 00000184 t archive_rename
001125fc 00000168 t archive_dirnext
00112764 0000012c t archive_write
00112890 000001f0 t archive_open
00112a80 000001a4 T archiveMountSdmc
00112c24 00000054 T archiveUnmountAll
00112c78 0000022c T cosf
00112ea4 00000024 t with_errnof
00112ec8 0000001c T __math_invalidf
00112ee8 00000274 T sinf
0011315c 00000120 T __udivmoddi4
0011327c 00000078 T bsearch
001132f4 00000028 T calloc
0011331c 00000094 T _calloc_r
001133b0 0000000c T __errno
001133bc 00000034 T exit
001133f0 00000160 T _fclose_r
00113550 00000020 T fclose
00113570 00000258 T __sflush_r
001137c8 00000094 T _fflush_r
0011385c 00000038 T fflush
00113894 0000000c T _cleanup_r
001138a0 00000184 T __sinit
00113a24 00000134 T __sfp
00113b58 0000000c T __sfp_lock_acquire
00113b64 0000000c T __sfp_lock_release
00113b70 0000003c T __libc_fini_array
00113bac 00000140 T _fopen_r
00113cec 00000028 T fopen
00113d14 000002d0 T _fread_r
00113fe4 00000038 T fread
0011401c 000000f8 T _malloc_trim_r
00114114 000002e4 T _free_r
001143f8 0000001c T _fseek_r
00114414 000004f8 T _fseeko_r
0011490c 000001bc T _ftello_r
00114ac8 00000068 T _fwalk
00114b30 00000070 T _fwalk_reent
00114ba0 0000007c T __libc_init_array
00114c1c 00000138 T __smakebuf_r
00114d54 00000094 T __swhatbuf_r
00114de8 00000028 T memalign
00114e10 00000148 T _memalign_r
00114f58 00000020 T malloc
00114f78 00000020 T free
00114f98 000007f0 T _malloc_r
00115788 000000e0 T memchr
00115868 000000a8 T memcmp
00115910 0000011c T memcpy
00115a2c 00000118 T memset
00115b44 0000000c T __malloc_lock
00115b50 0000000c T __malloc_unlock
00115b5c 00000034 T printf
00115b90 0000001c T srand
00115bac 00000044 T rand
00115bf0 0000001c t lflush
00115c0c 000001ac T __srefill_r
00115db8 00000260 T setvbuf
00116018 00000074 T sscanf
0011608c 00000044 T __sread
001160d0 00000008 T __seofread
001160d8 00000068 T __swrite
00116140 00000048 T __sseek
00116188 00000008 T __sclose
00116190 00000144 T strchr
001162d4 0000005c T strlen
00116330 000000ec T strncat
0011641c 000000dc T strncmp
001164f8 000000c0 T strncpy
001165b8 00000048 T strnlen
00116600 00000050 t get_arg
00116650 00002b68 T __ssvfscanf_r
001191b8 0000003c T time
001191f4 0000064c t get_arg
00119840 00000034 T __sprint_r
00119874 00002584 T _vfiprintf_r
0011bdf8 000000d4 t __sbprintf
0011becc 0000064c t get_arg
0011c518 000038d4 T _vfprintf_r
0011fdec 000000d4 t __sbprintf
0011fec0 00000054 T _wcrtomb_r
0011ff14 00000028 T _wcsrtombs_r
0011ff3c 00000154 T __swsetup_r
00120090 00000114 T __call_exitprocs
001201a4 000001a8 t quorem
00120350 000012ec T _dtoa_r
0012163c 000000c8 T __sflags
00121704 000004a4 T __sfvwrite_r
00121ba8 00000008 T iswspace
00121bb0 0000000c T _localeconv_r
00121bbc 00000010 T __locale_mb_cur_max
00121bcc 00000068 T _mbrtowc_r
00121c34 000002fc T __utf8_mbtowc
00121f30 00000154 T memmove
00122084 00000088 T _Balloc
0012210c 0000001c T _Bfree
00122128 000000f4 T __multadd
0012221c 00000110 T __s2b
0012232c 00000058 T __hi0bits
00122384 0000009c T __lo0bits
00122420 000000a4 T __i2b
001224c4 00000204 T __multiply
001226c8 00000120 T __pow5mult
001227e8 0000013c T __lshift
00122924 00000058 T __mcmp
0012297c 000001cc T __mdiff
00122b48 00000088 T __ulp
00122bd0 000000d4 T __b2d
00122ca4 0000012c T __d2b
00122dd0 00000078 T __ratio
00122e48 00000088 T __copybits
00122ed0 0000005c T __any_on
00122f2c 00000028 T realloc
00122f54 00000598 T _realloc_r
001234ec 000000e4 T __sccl
001235d0 0000000c T nanf
001235e0 000000a8 T frexp
00123688 00000064 T sprintf
001236ec 000000b8 T stpncpy
001237a8 0000130c T _strtod_l
00124ab4 0000000c T _strtod_r
00124ac0 0000022c t _strtoll_l.constprop.0
00124cec 00000004 T _strtoll_r
00124cf0 000001b0 t _strtol_l.part.0
00124ea0 0000003c T _strtol_r
00124edc 00000244 t _strtoull_l.constprop.0
00125120 00000004 T _strtoull_r
00125124 000001c8 t _strtoul_l.constprop.0
001252ec 00000004 T _strtoul_r
001252f0 00000188 T __ssprint_r
00125478 000000e0 T _sungetc_r
00125558 0000006c T __ssrefill_r
001255c4 000000c8 T _sfread_r
0012568c 0000064c t get_arg
00125cd8 00003808 T _svfprintf_r
001294e0 000000a8 T __submore
00129588 00000190 T _wcsnrtombs_l
00129718 0000004c T _wcsnrtombs_r
00129764 000000f0 T __utf8_wctomb
00129854 0000005c T __assert_func
001298b0 0000003c T fiprintf
001298ec 000000ec t rshift
001299d8 00000928 T __gethex
0012a300 0000004c T __match
0012a34c 0000029c T __hexnan
0012a5e8 0000003c T iswspace_l
0012a624 000001d4 t __jp2uc
0012a7f8 0000009c T _jp2uc_l
0012a898 00000010 T nan
0012a8a8 00000014 T abort
0012a8bc 00000084 T category
0012a940 00000098 T _raise_r
0012a9d8 00000020 T raise
0012a9f8 00000008 t null_write
0012aa00 00000018 T setDefaultDevice
0012aa18 000000c8 T FindDevice
0012aae0 00000028 T RemoveDevice
0012ab08 0000009c T AddDevice
0012aba4 00000020 T GetDeviceOpTab
0012abc4 00000078 T _fstat_r
0012ac3c 00000014 T _getpid_r
0012ac50 00000038 T _gettimeofday_r
0012ac88 00000008 T _isatty_r
0012ac90 00000014 T _kill_r
0012aca4 00000084 T _lseek_r
0012ad28 000000c8 T _open_r
0012adf0 00000080 T _read_r
0012ae70 00000078 T _sbrk_r
0012aee8 00000080 T _write_r
0012af68 00000024 T _exit
0012af8c 000001b8 T _concatenate_path
0012b144 00000160 T chdir
0012b2a4 00000008 T __flockfile
0012b2ac 00000008 T __funlockfile
0012b2b4 00000018 T __libc_lock_acquire
0012b2cc 00000018 T __libc_lock_release
0012b2e4 00000018 T __libc_lock_init_recursive
0012b2fc 00000018 T __libc_lock_acquire_recursive
0012b314 00000018 T __libc_lock_release_recursive
0012b32c 00000018 T __libc_lock_close_recursive
0012b344 0000008c T __release_handle
0012b3d0 000000b4 T __alloc_handle
0012b484 0000003c T __get_handle
0012b4c0 000000f4 T _close_r
0012b5b4 00000028 T __getreent
0012b5dc 00000038 T __aeabi_d2lz
0012b5dc 00000038 T __fixdfdi
0012b618 00000040 T __aeabi_d2ulz
0012b618 00000040 T __fixunsdfdi
0012b658 00000044 T strrchr
0012b69c T _fini
0012c1a4 R render2d_shbin
0012c330 R render2d_shbin_end
0012c330 R render2d_shbin_size
0012c334 00000038 r CSWTCH.18
0012c36c 00000005 r colorFmtSizes
0012c374 00000004 r depthFmtSizes
0012c378 00000010 r CSWTCH.9
0012c3a8 00000070 r romFS_devoptab
0012c47c 00000030 r colorTable
0012c4ac 00000070 r dotab_stdout
0012c540 00000008 r morton_x.3
0012c548 00000008 r morton_y.2
0012c550 00000008 r s_sleepWakeEvents.4
0012c584 R default_font_bin
0012cd84 R default_font_bin_end
0012cdb0 00000070 r archive_devoptab
0012ce20 00000030 r error_table
0012ce50 00000060 R __inv_pio4
0012ceb0 000000e0 R __sincosf_table
0012cf90 00000004 R _global_impure_ptr
0012cf9c 00000022 r basefix.0
0012cfe8 00000010 r blanks.1
0012cff8 00000010 r zeroes.0
0012d01c 00000010 r blanks.1
0012d02c 00000010 r zeroes.0
0012d03c 00000101 R _ctype_
0012d150 r .LC2
0012d230 00000028 R __mprec_bigtens
0012d258 000000c8 R __mprec_tens
0012d320 0000000c r p05.0
0012d33c 00000014 r fpi.1
0012d350 00000014 r fpinan.0
0012d368 00000028 r tinytens
0012d390 0000006c R __action_table
0012d3fc 00000100 R __chclass
0012d4fc 0000006c R __state_table
0012d568 00000010 r blanks.1
0012d578 00000010 r zeroes.0
0012d610 00000100 R __hexdig
0012d724 000000bc r a1
0012d7e0 000000bc r a2
0012d89c 0000005b r a3
0012d8f8 00000070 r a6
0012d968 000000a2 r a7
0012da0c 00000040 r a8
0012da4c 0000172a r b02cf
0012f178 00001a7c r d02f4
00130bf4 0000000c R _C_numeric_locale
00130c00 000031e6 r categories
00133de8 00000070 R dotab_stdnull
00133e58 r 
00133e58 R __exidx_end
00133e58 R __exidx_start
00134000 00000004 d framerate
00134004 00000008 d framerateCounter
0013400c 00000004 D currentConsole
00134010 0000004c D defaultConsole
0013405c 00000001 d firstConsoleInit.0
00134060 00000004 d queueLock
00134064 00000004 d kCount
00134068 00000004 d kDelay
0013406c 00000004 d kInterval
00134070 W __stacksize__
00134074 0000000c d __sfp_recursive_mutex
00134080 0000000c d __sinit_recursive_mutex
0013408c 00000004 D _impure_ptr
00134090 00000460 d impure_data
001344f0 00000408 D __malloc_av_
001348f8 00000004 D __malloc_sbrk_base
001348fc 00000004 D __malloc_trim_threshold
00134900 0000000c d __malloc_recursive_mutex
0013490c 0000000c D __atexit_recursive_mutex
00134918 0000016c D __global_locale
00134a84 00000002 d numempty
00134a88 00000004 d defaultDevice
00134a8c 0000008c D devoptab_list
00134b18 00000400 d _current_working_directory
00134f18 00000004 d __hndl_lock
00134f1c 0000000c d __stderr_handle
00134f28 0000000c d __stdin_handle
00134f34 0000000c d __stdout_handle
00134f40 00001000 d handles
00135f48 d _GLOBAL_OFFSET_TABLE_
00135f54 d __frame_dummy_init_array_entry
00135f54 D __init_array_start
00135f54 B __preinit_array_end
00135f54 B __preinit_array_start
00135f54 D __tdata_lma
00135f54 D __tdata_lma_end
00135f58 d __do_global_dtors_aux_fini_array_entry
00135f58 D __fini_array_start
00135f58 D __init_array_end
00135f5c D __bss_start__
00135f5c D __fini_array_end
00135f5c 00000004 b backgroundSheet
00135f60 00000004 b spriteSheet
00135f64 00000030 b background
00135f94 00009000 b sprites
0013ef94 b completed.1
0013ef98 b object.0
0013efb0 000005a0 B __C2Di_Context
0013f550 00000040 b s_projBot
0013f590 00000040 b s_projTop
0013f5d0 00000004 b uLoc_mdlvMtx
0013f5d4 00000004 b uLoc_projMtx
0013f5d8 000002d0 B __C3D_Context
0013f8a8 0000000c b hookCookie
0013f8b8 00000010 b cpuTime
0013f8c8 00000004 b firstTarget
0013f8cc 00000008 b frameCounter
0013f8d4 00000004 b frameEndCb
0013f8d8 00000004 b frameEndCbData
0013f8e0 00000010 b gpuTime
0013f8f0 00000001 b inFrame
0013f8f1 00000001 b inSafeTransfer
0013f8f2 00000001 b isTopStereo
0013f8f4 00000004 b lastTarget
0013f8f8 0000000c b linkedTarget
0013f904 00000001 b measureGpuTime
0013f905 00000001 b needSwapBot
0013f906 00000001 b needSwapTop
0013f908 00000004 B C3D_BoolUnifs
0013f90c 00000002 B C3D_BoolUnifsDirty
0013f910 00000c00 B C3D_FVUnif
00140510 000000c0 B C3D_FVUnifDirty
001405d0 00000020 B C3D_IVUnif
001405f0 00000008 B C3D_IVUnifDirty
001405f8 000000c0 b C3Di_FVUnifEverDirty
001406b8 00000008 b C3Di_IVUnifEverDirty
001406c0 00000018 b C3Di_ShaderFVecData
001406d8 0000000c b sAddrMap
001406e4 00000008 b sVramPool
001406ec 00000008 b sLinearPool
001406f4 0000000c b sAddrMap
00140700 00000004 V __romfs_path
00140704 00000004 b romfs_mount_list
00140708 00000001 V __ctru_speedup
0014070c 0000004c B currentCopy
00140758 00000004 b gfxBottomFramebufferMaxSize
0014075c 00000008 b gfxBottomFramebuffers
00140764 00000002 b gfxCurBuf
00140768 00000002 b gfxFramebufferFormats
0014076c 00000002 b gfxIsDoubleBuf
0014076e 00000001 b gfxIsVram
00140770 00000004 b gfxTopFramebufferMaxSize
00140774 00000008 b gfxTopFramebuffers
0014077c 00000001 b gfxTopMode
00140780 00000004 b screenAlloc
00140784 00000004 b screenFree
00140788 00000004 b boundQueue
0014078c 00000004 b curQueue
00140790 00000001 b isActive
00140791 00000001 b isRunning
00140792 00000001 b shouldStop
00140794 00000004 B gpuCmdBuf
00140798 00000004 B gpuCmdBufOffset
0014079c 00000004 B gpuCmdBufSize
001407a0 00000004 b gspEvent
001407a4 0000001c b gspEventCb
001407c0 0000001c b gspEventCbData
001407dc 00000007 b gspEventCbOneShot
001407e4 00000004 b gspEventThread
001407e8 00000038 b gspEvents
00140820 00000004 b gspGpuHandle
00140824 00000001 b gspGpuRight
00140828 00000004 b gspLastEvent
0014082c 00000004 b gspRefCount
00140830 00000001 b gspRunEvents
00140834 00000004 b gspSharedMem
00140838 00000004 b gspSharedMemHandle
0014083c 00000001 b gspThreadId
0014083d 00000001 b aptChainloadFlags
0014083e 00000001 b aptChainloadMediatype
00140840 00000008 b aptChainloadTid
00140848 00000004 b aptEventHandlerThread
0014084c 00000001 b aptEventHandlerThreadQuit
00140850 00000008 b aptEvents
00140858 0000000c b aptFirstHook
00140864 00000004 b aptFlags
00140868 00000001 b aptHomeButtonState
0014086c 00000004 b aptLockHandle
00140870 00000004 b aptMessageFunc
00140874 00000004 b aptMessageFuncData
00140878 00001000 b aptParameters
00141878 00000008 b aptReceiveEvent
00141880 00000004 b aptRefCount
00141884 00000008 b aptSleepEvent
0014188c 00000001 b flagInit.1
0014188d 00000001 b flagValue.0
00141890 00000004 b serviceName.6
00141894 00000006 b aVec
0014189c 00000004 b cPos
001418a0 00000006 b gRate
001418a8 00000014 B hidEvents
001418bc 00000004 B hidHandle
001418c0 00000004 B hidMemHandle
001418c4 00000004 b hidRefCount
001418c8 00000004 B hidSharedMem
001418cc 00000004 b kDown
001418d0 00000004 b kHeld
001418d4 00000004 b kOld
001418d8 00000004 b kRepeat
001418dc 00000004 b kUp
001418e0 00000004 b tPos
001418e4 00000001 b usingIrrst
001418e8 00000004 b ptmSysmHandle
001418ec 00000004 b ptmSysmRefCount
001418f0 00000080 b fsExemptArchives
00141970 00000004 b fsuHandle
00141974 00000004 b fsuRefCount
00141978 00000004 B __ctru_heap
0014197c 00000004 V __ctru_heap_size
00141980 00000004 B __ctru_linear_heap
00141984 00000004 V __ctru_linear_heap_size
00141988 00000004 B __system_retAddr
0014198c 00000004 B __system_argc
00141990 00000004 B __system_argv
00141994 b saved_stack
0014199c 00000004 b arbiter
001419a0 00000004 b srvHandle
001419a4 00000004 b srvRefCount
001419a8 00000004 b currentAddr
001419ac 00000004 b maxAddr
001419b0 00000004 b minAddr
001419b4 00000004 b csPos
001419b8 00000004 B irrstEvent
001419bc 00000004 B irrstHandle
001419c0 00000004 B irrstMemHandle
001419c4 00000004 b irrstRefCount
001419c8 00000004 B irrstSharedMem
001419cc 00000004 b kHeld
001419d0 00000004 b srvPmHandle
001419d4 00000004 b archive_device_cwd
001419d8 00000540 b archive_devices
00141f18 00000001 b archive_initialized
00141f1c 00000028 B __malloc_current_mallinfo
00141f44 00000004 B __malloc_max_sbrked_mem
00141f48 00000004 B __malloc_max_total_mem
00141f4c 00000004 B __malloc_top_pad
00141f50 00000004 b heap_start.0
00141f54 00000004 B fake_heap_end
00141f58 00000004 B fake_heap_start
00141f5c 00000400 b temp_cwd
0014235c 00000048 B __syscalls
001423a4 B __tls_start
00142fac B __bss_end__
00142fac A __end__
00142fac B __tls_end
